<?xml version="1.0" encoding="UTF-8"?>
<!-- Generated by org.testng.reporters.JUnitXMLReporter -->
<testsuite hostname="DESKTOP-GQS9D0H" ignored="0" name="Default test" tests="10" failures="0" timestamp="22 Jun 2019 15:25:55 GMT" time="0.13" errors="0">
  <testcase name="TestOne" time="0.02" classname="testNG.TestNG_Repeat"/>
  <testcase name="TestOne" time="0.01" classname="testNG.TestNG_Repeat"/>
  <testcase name="TestOne" time="0.004" classname="testNG.TestNG_Repeat"/>
  <testcase name="TestOne" time="0.007" classname="testNG.TestNG_Repeat"/>
  <testcase name="TestOne" time="0.005" classname="testNG.TestNG_Repeat"/>
  <testcase name="TestOne" time="0.0" classname="testNG.TestNG_Repeat"/>
  <testcase name="TestOne" time="0.005" classname="testNG.TestNG_Repeat"/>
  <testcase name="TestOne" time="0.005" classname="testNG.TestNG_Repeat"/>
  <testcase name="TestOne" time="0.005" classname="testNG.TestNG_Repeat"/>
  <testcase name="TestOne" time="0.01" classname="testNG.TestNG_Repeat"/>
</testsuite> <!-- Default test -->
