<?xml version="1.0" encoding="UTF-8"?>
<testng-results skipped="0" failed="0" ignored="0" total="10" passed="10">
  <reporter-output>
  </reporter-output>
  <suite name="Default suite" duration-ms="130" started-at="2019-06-22T15:25:55Z" finished-at="2019-06-22T15:25:55Z">
    <groups>
    </groups>
    <test name="Default test" duration-ms="130" started-at="2019-06-22T15:25:55Z" finished-at="2019-06-22T15:25:55Z">
      <class name="testNG.TestNG_Repeat">
        <test-method status="PASS" signature="TestOne()[pri:0, instance:testNG.TestNG_Repeat@7823a2f9]" name="TestOne" duration-ms="20" started-at="2019-06-22T15:25:55Z" finished-at="2019-06-22T15:25:55Z">
          <reporter-output>
          </reporter-output>
        </test-method> <!-- TestOne -->
        <test-method status="PASS" signature="TestOne()[pri:0, instance:testNG.TestNG_Repeat@7823a2f9]" name="TestOne" duration-ms="10" started-at="2019-06-22T15:25:55Z" finished-at="2019-06-22T15:25:55Z">
          <reporter-output>
          </reporter-output>
        </test-method> <!-- TestOne -->
        <test-method status="PASS" signature="TestOne()[pri:0, instance:testNG.TestNG_Repeat@7823a2f9]" name="TestOne" duration-ms="4" started-at="2019-06-22T15:25:55Z" finished-at="2019-06-22T15:25:55Z">
          <reporter-output>
          </reporter-output>
        </test-method> <!-- TestOne -->
        <test-method status="PASS" signature="TestOne()[pri:0, instance:testNG.TestNG_Repeat@7823a2f9]" name="TestOne" duration-ms="7" started-at="2019-06-22T15:25:55Z" finished-at="2019-06-22T15:25:55Z">
          <reporter-output>
          </reporter-output>
        </test-method> <!-- TestOne -->
        <test-method status="PASS" signature="TestOne()[pri:0, instance:testNG.TestNG_Repeat@7823a2f9]" name="TestOne" duration-ms="5" started-at="2019-06-22T15:25:55Z" finished-at="2019-06-22T15:25:55Z">
          <reporter-output>
          </reporter-output>
        </test-method> <!-- TestOne -->
        <test-method status="PASS" signature="TestOne()[pri:0, instance:testNG.TestNG_Repeat@7823a2f9]" name="TestOne" duration-ms="0" started-at="2019-06-22T15:25:55Z" finished-at="2019-06-22T15:25:55Z">
          <reporter-output>
          </reporter-output>
        </test-method> <!-- TestOne -->
        <test-method status="PASS" signature="TestOne()[pri:0, instance:testNG.TestNG_Repeat@7823a2f9]" name="TestOne" duration-ms="5" started-at="2019-06-22T15:25:55Z" finished-at="2019-06-22T15:25:55Z">
          <reporter-output>
          </reporter-output>
        </test-method> <!-- TestOne -->
        <test-method status="PASS" signature="TestOne()[pri:0, instance:testNG.TestNG_Repeat@7823a2f9]" name="TestOne" duration-ms="5" started-at="2019-06-22T15:25:55Z" finished-at="2019-06-22T15:25:55Z">
          <reporter-output>
          </reporter-output>
        </test-method> <!-- TestOne -->
        <test-method status="PASS" signature="TestOne()[pri:0, instance:testNG.TestNG_Repeat@7823a2f9]" name="TestOne" duration-ms="5" started-at="2019-06-22T15:25:55Z" finished-at="2019-06-22T15:25:55Z">
          <reporter-output>
          </reporter-output>
        </test-method> <!-- TestOne -->
        <test-method status="PASS" signature="TestOne()[pri:0, instance:testNG.TestNG_Repeat@7823a2f9]" name="TestOne" duration-ms="10" started-at="2019-06-22T15:25:55Z" finished-at="2019-06-22T15:25:55Z">
          <reporter-output>
          </reporter-output>
        </test-method> <!-- TestOne -->
      </class> <!-- testNG.TestNG_Repeat -->
    </test> <!-- Default test -->
  </suite> <!-- Default suite -->
</testng-results>
